<?xml version="1.0" encoding="UTF-8" standalone="no"?>
<!DOCTYPE log SYSTEM "logger.dtd">
<log>
<record>
    <date>2019-11-13T03:49:13</date>
    <millis>1573681753086</millis>
    <sequence>0</sequence>
    <logger>com.ibm.ws.postinstall</logger>
    <level>INFO</level>
    <class>com.ibm.ws.postinstall.LaunchUnifiedPostInstaller</class>
    <method>runPostinstaller</method>
    <thread>0</thread>
    <message>-DELTA_ACTION_REGISTRY was not specified. Using default value /opt/IBM/WebSphere/AppServer/properties/postinstall/fixpack/deltaActionRegistry.xml
</message>
</record>
<record>
    <date>2019-11-13T03:49:13</date>
    <millis>1573681753106</millis>
    <sequence>1</sequence>
    <logger>com.ibm.ws.postinstall</logger>
    <level>INFO</level>
    <class>com.ibm.ws.postinstall.LaunchUnifiedPostInstaller</class>
    <method>writeParamsToLog</method>
    <thread>0</thread>
    <message>Parameters are:  -WS_CMT_CONF_DIR  =  /opt/IBM/WebSphere/AppServer/properties/postinstall/fixpack/
-SUB_ACTION_REGISTRY  =  /opt/IBM/WebSphere/AppServer/properties/postinstall/fixpack/cacheRegistry.xml
-WS_CMT_LOG_HOME  =  /opt/IBM/WebSphere/AppServer/logs/postinstall/fixpack/
WAS_HOME  =  /opt/IBM/WebSphere/AppServer
-POSTINSTALL_LOG_FILE  =  /opt/IBM/WebSphere/AppServer/logs/postinstall/fixpack/postinstall.log
-MASTER_ACTION_REGISTRY  =  /opt/IBM/WebSphere/AppServer/properties/postinstall/fixpack/masterRegistry.xml
-DELTA_ACTION_REGISTRY  =  /opt/IBM/WebSphere/AppServer/properties/postinstall/fixpack/deltaActionRegistry.xml
-WS_PI_ACTION_REGISTRY_EXTENSION  =  /opt/IBM/WebSphere/AppServer/properties/postinstall/fixpack/registryExtension.xml
</message>
</record>
<record>
    <date>2019-11-13T03:49:13</date>
    <millis>1573681753171</millis>
    <sequence>2</sequence>
    <logger>com.ibm.ws.postinstall</logger>
    <level>INFO</level>
    <class>com.ibm.ws.postinstall.LaunchUnifiedPostInstaller</class>
    <method>launchConfigManager</method>
    <thread>0</thread>
    <message>Install or uninstall: install</message>
</record>
<record>
    <date>2019-11-13T03:49:13</date>
    <millis>1573681753173</millis>
    <sequence>3</sequence>
    <logger>com.ibm.ws.postinstall</logger>
    <level>INFO</level>
    <class>com.ibm.ws.postinstall.LaunchUnifiedPostInstaller</class>
    <method>launchConfigManagerWithRegistry</method>
    <thread>0</thread>
    <message>WS_CMT_LOG_HOME is in /opt/IBM/WebSphere/AppServer/logs/postinstall/fixpack//postinstallerConfigActions1573681753173.log</message>
</record>
<record>
    <date>2019-11-13T03:49:26</date>
    <millis>1573681766894</millis>
    <sequence>948</sequence>
    <logger>com.ibm.ws.postinstall</logger>
    <level>INFO</level>
    <class>com.ibm.ws.postinstall.LaunchUnifiedPostInstaller</class>
    <method>logReturnCode</method>
    <thread>0</thread>
    <message>INSTCONFSUCCESS: All config actions ran successfully with return code 0</message>
</record>
</log>